#################################################################
# If you used AutoDock Vina in your work, please cite:          #
#                                                               #
# O. Trott, A. J. Olson,                                        #
# AutoDock Vina: improving the speed and accuracy of docking    #
# with a new scoring function, efficient optimization and       #
# multithreading, Journal of Computational Chemistry 31 (2010)  #
# 455-461                                                       #
#                                                               #
# DOI 10.1002/jcc.21334                                         #
#                                                               #
# Please see http://vina.scripps.edu for more information.      #
#################################################################

Reading input ... done.
Setting up the scoring function ... done.
Analyzing the binding site ... done.
Using random seed: 1663169024
Performing search ... done.
Refining results ... done.

mode |   affinity | dist from best mode
     | (kcal/mol) | rmsd l.b.| rmsd u.b.
-----+------------+----------+----------
   1         -9.8      0.000      0.000
   2         -9.7      2.700     12.088
   3         -9.0      1.840      3.668
   4         -9.0      3.106     12.993
   5         -8.9      3.363     12.525
   6         -8.2      3.009     12.050
   7         -8.1      2.193      3.622
   8         -7.7      3.172     12.560
   9         -7.7      3.324     11.796
  10         -7.0      3.534     11.442
  11         -6.8      3.284      4.928
  12         -6.5      2.369      3.689
  13         -6.3      3.100     11.529
  14         -6.3      2.434      3.468
Writing output ... done.
